<?xml version="1.0" encoding="UTF-8"?>
<!-- Generated by org.testng.reporters.JUnitXMLReporter -->
<testsuite ignored="2" hostname="Lubnas-MacBook-Air.local" failures="0" tests="2" name="Surefire test" time="7.331" errors="0" timestamp="2025-12-20T01:10:52 GST">
  <testcase classname="test.FirstTest" name="verifyTitle" time="1.171"/>
  <testcase classname="test.LoginTest" name="test" time="0.983"/>
  <testcase classname="base.BaseTest" name="@BeforeSuite beforeSuite" time="0.0">
    <ignored/>
  </testcase> <!-- @BeforeSuite beforeSuite -->
  <testcase classname="base.BaseTest" name="@BeforeSuite beforeSuite" time="0.0">
    <ignored/>
  </testcase> <!-- @BeforeSuite beforeSuite -->
</testsuite> <!-- Surefire test -->
