<?xml version="1.0" encoding="UTF-8"?>
<testng-results ignored="0" total="2" passed="2" failed="0" skipped="0">
  <reporter-output>
  </reporter-output>
  <suite started-at="2025-12-20T01:10:45 GST" name="Surefire suite" finished-at="2025-12-20T01:10:52 GST" duration-ms="7331">
    <groups>
    </groups>
    <test started-at="2025-12-20T01:10:45 GST" name="Surefire test" finished-at="2025-12-20T01:10:52 GST" duration-ms="7331">
      <class name="test.LoginTest">
        <test-method is-config="true" signature="setUp(java.lang.reflect.Method)[pri:0, instance:test.LoginTest@67e2d983]" started-at="2025-12-20T01:10:50 GST" name="setUp" finished-at="2025-12-20T01:10:51 GST" duration-ms="1170" status="PASS">
          <params>
            <param index="0">
              <value>
                <![CDATA[public void test.LoginTest.test()]]>
              </value>
            </param>
          </params>
          <reporter-output>
          </reporter-output>
        </test-method> <!-- setUp -->
        <test-method signature="test()[pri:0, instance:test.LoginTest@67e2d983]" started-at="2025-12-20T01:10:51 GST" name="test" finished-at="2025-12-20T01:10:52 GST" duration-ms="983" status="PASS">
          <reporter-output>
          </reporter-output>
        </test-method> <!-- test -->
        <test-method is-config="true" signature="tearDown(org.testng.ITestResult)[pri:0, instance:test.LoginTest@67e2d983]" started-at="2025-12-20T01:10:52 GST" name="tearDown" finished-at="2025-12-20T01:10:52 GST" duration-ms="176" status="PASS">
          <params>
            <param index="0">
              <value>
                <![CDATA[[TestResult name=test status=SUCCESS method=LoginTest.test()[pri:0, instance:test.LoginTest@67e2d983] output={null}]]]>
              </value>
            </param>
          </params>
          <reporter-output>
          </reporter-output>
        </test-method> <!-- tearDown -->
      </class> <!-- test.LoginTest -->
      <class name="test.FirstTest">
        <test-method is-config="true" signature="beforeSuite()[pri:0, instance:test.FirstTest@400cff1a]" started-at="2025-12-20T01:10:45 GST" name="beforeSuite" finished-at="2025-12-20T01:10:45 GST" duration-ms="97" status="PASS">
          <reporter-output>
          </reporter-output>
        </test-method> <!-- beforeSuite -->
        <test-method is-config="true" signature="setUp(java.lang.reflect.Method)[pri:0, instance:test.FirstTest@400cff1a]" started-at="2025-12-20T01:10:45 GST" name="setUp" finished-at="2025-12-20T01:10:49 GST" duration-ms="3480" status="PASS">
          <params>
            <param index="0">
              <value>
                <![CDATA[public void test.FirstTest.verifyTitle()]]>
              </value>
            </param>
          </params>
          <reporter-output>
          </reporter-output>
        </test-method> <!-- setUp -->
        <test-method signature="verifyTitle()[pri:0, instance:test.FirstTest@400cff1a]" started-at="2025-12-20T01:10:49 GST" name="verifyTitle" finished-at="2025-12-20T01:10:50 GST" duration-ms="1171" status="PASS">
          <reporter-output>
          </reporter-output>
        </test-method> <!-- verifyTitle -->
        <test-method is-config="true" signature="tearDown(org.testng.ITestResult)[pri:0, instance:test.FirstTest@400cff1a]" started-at="2025-12-20T01:10:50 GST" name="tearDown" finished-at="2025-12-20T01:10:50 GST" duration-ms="320" status="PASS">
          <params>
            <param index="0">
              <value>
                <![CDATA[[TestResult name=verifyTitle status=SUCCESS method=FirstTest.verifyTitle()[pri:0, instance:test.FirstTest@400cff1a] output={null}]]]>
              </value>
            </param>
          </params>
          <reporter-output>
          </reporter-output>
        </test-method> <!-- tearDown -->
      </class> <!-- test.FirstTest -->
    </test> <!-- Surefire test -->
  </suite> <!-- Surefire suite -->
</testng-results>
